<?xml version="1.0" encoding="UTF-8"?>
<!-- Generated by org.testng.reporters.JUnitXMLReporter -->
<testsuite hostname="RCAS002" ignored="0" name="SanityTest Cases" tests="6" failures="3" timestamp="18 Oct 2019 07:53:07 GMT" time="316.233" errors="0">
  <testcase name="loginPageTitleTest" time="0.021" classname="com.skyweb.qa.testcases.LoginPageTest">
    <failure type="java.lang.AssertionError" message="expected [Login] but found [skyweb15.skytrac.ca]">
      <![CDATA[java.lang.AssertionError: expected [Login] but found [skyweb15.skytrac.ca]
at com.skyweb.qa.testcases.LoginPageTest.loginPageTitleTest(LoginPageTest.java:31)
... Removed 31 stack frames]]>
    </failure>
  </testcase> <!-- loginPageTitleTest -->
  <testcase name="CreateOnGeofencesTest" time="34.009" classname="com.skyweb.qa.testcases.GeofencesPageTest"/>
  <testcase name="VerifyGeofenceNotificationPageTest" time="2.314" classname="com.skyweb.qa.testcases.GeofenceNotificationPageTest">
    <failure type="org.openqa.selenium.ElementClickInterceptedException" message="element click intercepted: Element &amp;lt;input id=&amp;quot;ctl00_MainContentPlaceHolder_adminControl_skyWizard_chooseUnit_unitRadGrid_ctl01_ctl04_selectRadioButton&amp;quot; type=&amp;quot;radio&amp;quot; name=&amp;quot;ctl00$MainContentPlaceHolder$adminControl$skyWizard$chooseUnit$unitRadGrid$ctl01$ctl04$selectRadioButton&amp;quot; value=&amp;quot;selectRadioButton&amp;quot; onclick=&amp;quot;javascript:setTimeout(&amp;apos;__doPostBack(\&amp;apos;ctl00$MainContentPlaceHolder$adminControl$skyWizard$chooseUnit$unitRadGrid$ctl01$ctl04$selectRadioButton\&amp;apos;,\&amp;apos;\&amp;apos;)&amp;apos;, 0)&amp;quot;&amp;gt; is not clickable at point (779, 272). Other element would receive the click: &amp;lt;div id=&amp;quot;RequestInProgress&amp;quot; style=&amp;quot;display: block;&amp;quot;&amp;gt;...&amp;lt;/div&amp;gt;
  (Session info: chrome=77.0.3865.120)
Build info: version: &amp;apos;3.141.59&amp;apos;, revision: &amp;apos;e82be7d358&amp;apos;, time: &amp;apos;2018-11-14T08:17:03&amp;apos;
System info: host: &amp;apos;RCAS002&amp;apos;, ip: &amp;apos;192.168.20.6&amp;apos;, os.name: &amp;apos;Windows 7&amp;apos;, os.arch: &amp;apos;amd64&amp;apos;, os.version: &amp;apos;6.1&amp;apos;, java.version: &amp;apos;1.8.0_161&amp;apos;
Driver info: org.openqa.selenium.chrome.ChromeDriver
Capabilities {acceptInsecureCerts: false, browserName: chrome, browserVersion: 77.0.3865.120, chrome: {chromedriverVersion: 77.0.3865.40 (f484704e052e0..., userDataDir: C:\Users\User\AppData\Local...}, goog:chromeOptions: {debuggerAddress: localhost:60022}, javascriptEnabled: true, networkConnectionEnabled: false, pageLoadStrategy: normal, platform: XP, platformName: XP, proxy: Proxy(), setWindowRect: true, strictFileInteractability: false, timeouts: {implicit: 0, pageLoad: 300000, script: 30000}, unhandledPromptBehavior: dismiss and notify}
Session ID: 32fcb98597d0c92870363668c1c53bfe">
      <![CDATA[org.openqa.selenium.ElementClickInterceptedException: element click intercepted: Element <input id="ctl00_MainContentPlaceHolder_adminControl_skyWizard_chooseUnit_unitRadGrid_ctl01_ctl04_selectRadioButton" type="radio" name="ctl00$MainContentPlaceHolder$adminControl$skyWizard$chooseUnit$unitRadGrid$ctl01$ctl04$selectRadioButton" value="selectRadioButton" onclick="javascript:setTimeout('__doPostBack(\'ctl00$MainContentPlaceHolder$adminControl$skyWizard$chooseUnit$unitRadGrid$ctl01$ctl04$selectRadioButton\',\'\')', 0)"> is not clickable at point (779, 272). Other element would receive the click: <div id="RequestInProgress" style="display: block;">...</div>
  (Session info: chrome=77.0.3865.120)
Build info: version: '3.141.59', revision: 'e82be7d358', time: '2018-11-14T08:17:03'
System info: host: 'RCAS002', ip: '192.168.20.6', os.name: 'Windows 7', os.arch: 'amd64', os.version: '6.1', java.version: '1.8.0_161'
Driver info: org.openqa.selenium.chrome.ChromeDriver
Capabilities {acceptInsecureCerts: false, browserName: chrome, browserVersion: 77.0.3865.120, chrome: {chromedriverVersion: 77.0.3865.40 (f484704e052e0..., userDataDir: C:\Users\User\AppData\Local...}, goog:chromeOptions: {debuggerAddress: localhost:60022}, javascriptEnabled: true, networkConnectionEnabled: false, pageLoadStrategy: normal, platform: XP, platformName: XP, proxy: Proxy(), setWindowRect: true, strictFileInteractability: false, timeouts: {implicit: 0, pageLoad: 300000, script: 30000}, unhandledPromptBehavior: dismiss and notify}
Session ID: 32fcb98597d0c92870363668c1c53bfe
at org.openqa.selenium.remote.http.W3CHttpResponseCodec.createException(W3CHttpResponseCodec.java:187)
at org.openqa.selenium.remote.http.W3CHttpResponseCodec.decode(W3CHttpResponseCodec.java:122)
at org.openqa.selenium.remote.http.W3CHttpResponseCodec.decode(W3CHttpResponseCodec.java:49)
at org.openqa.selenium.remote.HttpCommandExecutor.execute(HttpCommandExecutor.java:158)
at org.openqa.selenium.remote.service.DriverCommandExecutor.execute(DriverCommandExecutor.java:83)
at org.openqa.selenium.remote.RemoteWebDriver.execute(RemoteWebDriver.java:552)
at org.openqa.selenium.remote.RemoteWebElement.execute(RemoteWebElement.java:285)
at org.openqa.selenium.remote.RemoteWebElement.click(RemoteWebElement.java:84)
at org.openqa.selenium.support.pagefactory.internal.LocatingElementHandler.invoke(LocatingElementHandler.java:51)
at com.sun.proxy.$Proxy9.click(Unknown Source)
at com.skyweb.qa.pages.AdminPage.ClickOnGeofenceNotification(AdminPage.java:57)
at com.skyweb.qa.pages.GeofenceNotificationPage.VerifyGeofenceNotificationPage(GeofenceNotificationPage.java:61)
at com.skyweb.qa.testcases.GeofenceNotificationPageTest.VerifyGeofenceNotificationPageTest(GeofenceNotificationPageTest.java:37)
... Removed 33 stack frames]]>
    </failure>
  </testcase> <!-- VerifyGeofenceNotificationPageTest -->
  <testcase name="verifyAdminPageTitleTest" time="0.011" classname="com.skyweb.qa.testcases.AdminPageTest">
    <failure type="java.lang.AssertionError" message="admin page tittle not matched expected [Admini] but found [Administration]">
      <![CDATA[java.lang.AssertionError: admin page tittle not matched expected [Admini] but found [Administration]
at com.skyweb.qa.testcases.AdminPageTest.verifyAdminPageTitleTest(AdminPageTest.java:31)
... Removed 30 stack frames]]>
    </failure>
  </testcase> <!-- verifyAdminPageTitleTest -->
  <testcase name="ClickOnGeofencesTest" time="0.056" classname="com.skyweb.qa.testcases.AdminPageTest"/>
  <testcase name="ClickOnGeofenceNotificationTest" time="4.373" classname="com.skyweb.qa.testcases.AdminPageTest"/>
</testsuite> <!-- SanityTest Cases -->
