<!DOCTYPE html PUBLIC "-//W3C//DTD XHTML 1.1//EN" "http://www.w3.org/TR/xhtml11/DTD/xhtml11.dtd">
<html xmlns="http://www.w3.org/1999/xhtml">
<head>
<meta http-equiv="content-type" content="text/html; charset=UTF-8"/>
<title>TestNG Report</title>
<style type="text/css">table {margin-bottom:10px;border-collapse:collapse;empty-cells:show}th,td {border:1px solid #009;padding:.25em .5em}th {vertical-align:bottom}td {vertical-align:top}table a {font-weight:bold}.stripe td {background-color: #E6EBF9}.num {text-align:right}.passedodd td {background-color: #3F3}.passedeven td {background-color: #0A0}.skippedodd td {background-color: #DDD}.skippedeven td {background-color: #CCC}.failedodd td,.attn {background-color: #F33}.failedeven td,.stripe .attn {background-color: #D00}.stacktrace {white-space:pre;font-family:monospace}.totop {font-size:85%;text-align:center;border-bottom:2px solid #000}.invisible {display:none}</style>
</head>
<body>
<table>
<tr><th>Test</th><th># Passed</th><th># Skipped</th><th># Failed</th><th>Time (ms)</th><th>Included Groups</th><th>Excluded Groups</th></tr>
<tr><th colspan="7">TestAutomationSuit</th></tr>
<tr><td><a href="#t0">SanityTest Cases</a></td><td class="num">3</td><td class="num">0</td><td class="num attn">3</td><td class="num">316,233</td><td></td><td></td></tr>
</table>
<table id='summary'><thead><tr><th>Class</th><th>Method</th><th>Start</th><th>Time (ms)</th></tr></thead><tbody><tr><th colspan="4">TestAutomationSuit</th></tr></tbody><tbody id="t0"><tr><th colspan="4">SanityTest Cases &#8212; failed</th></tr><tr class="failedeven"><td rowspan="1">com.skyweb.qa.testcases.AdminPageTest</td><td><a href="#m0">verifyAdminPageTitleTest</a></td><td rowspan="1">1571385087630</td><td rowspan="1">11</td></tr><tr class="failedodd"><td rowspan="1">com.skyweb.qa.testcases.GeofenceNotificationPageTest</td><td><a href="#m1">VerifyGeofenceNotificationPageTest</a></td><td rowspan="1">1571385025416</td><td rowspan="1">2314</td></tr><tr class="failedeven"><td rowspan="1">com.skyweb.qa.testcases.LoginPageTest</td><td><a href="#m2">loginPageTitleTest</a></td><td rowspan="1">1571384882741</td><td rowspan="1">21</td></tr><tr><th colspan="4">SanityTest Cases &#8212; passed</th></tr><tr class="passedeven"><td rowspan="2">com.skyweb.qa.testcases.AdminPageTest</td><td><a href="#m3">ClickOnGeofenceNotificationTest</a></td><td rowspan="1">1571385176607</td><td rowspan="1">4373</td></tr><tr class="passedeven"><td><a href="#m4">ClickOnGeofencesTest</a></td><td rowspan="1">1571385130209</td><td rowspan="1">56</td></tr><tr class="passedodd"><td rowspan="1">com.skyweb.qa.testcases.GeofencesPageTest</td><td><a href="#m5">CreateOnGeofencesTest</a></td><td rowspan="1">1571384943412</td><td rowspan="1">34009</td></tr></tbody>
</table>
<h2>SanityTest Cases</h2><h3 id="m0">com.skyweb.qa.testcases.AdminPageTest#verifyAdminPageTitleTest</h3><table class="result"><tr><th>Exception</th></tr><tr><td><div class="stacktrace">java.lang.AssertionError: admin page tittle not matched expected [Admini] but found [Administration]
	at com.skyweb.qa.testcases.AdminPageTest.verifyAdminPageTitleTest(AdminPageTest.java:31)
... Removed 30 stack frames</div></td></tr></table><p class="totop"><a href="#summary">back to summary</a></p>
<h3 id="m1">com.skyweb.qa.testcases.GeofenceNotificationPageTest#VerifyGeofenceNotificationPageTest</h3><table class="result"><tr><th>Exception</th></tr><tr><td><div class="stacktrace">org.openqa.selenium.ElementClickInterceptedException: element click intercepted: Element &lt;input id=&quot;ctl00_MainContentPlaceHolder_adminControl_skyWizard_chooseUnit_unitRadGrid_ctl01_ctl04_selectRadioButton&quot; type=&quot;radio&quot; name=&quot;ctl00$MainContentPlaceHolder$adminControl$skyWizard$chooseUnit$unitRadGrid$ctl01$ctl04$selectRadioButton&quot; value=&quot;selectRadioButton&quot; onclick=&quot;javascript:setTimeout(&apos;__doPostBack(\&apos;ctl00$MainContentPlaceHolder$adminControl$skyWizard$chooseUnit$unitRadGrid$ctl01$ctl04$selectRadioButton\&apos;,\&apos;\&apos;)&apos;, 0)&quot;&gt; is not clickable at point (779, 272). Other element would receive the click: &lt;div id=&quot;RequestInProgress&quot; style=&quot;display: block;&quot;&gt;...&lt;/div&gt;
  (Session info: chrome=77.0.3865.120)
Build info: version: &apos;3.141.59&apos;, revision: &apos;e82be7d358&apos;, time: &apos;2018-11-14T08:17:03&apos;
System info: host: &apos;RCAS002&apos;, ip: &apos;192.168.20.6&apos;, os.name: &apos;Windows 7&apos;, os.arch: &apos;amd64&apos;, os.version: &apos;6.1&apos;, java.version: &apos;1.8.0_161&apos;
Driver info: org.openqa.selenium.chrome.ChromeDriver
Capabilities {acceptInsecureCerts: false, browserName: chrome, browserVersion: 77.0.3865.120, chrome: {chromedriverVersion: 77.0.3865.40 (f484704e052e0..., userDataDir: C:\Users\User\AppData\Local...}, goog:chromeOptions: {debuggerAddress: localhost:60022}, javascriptEnabled: true, networkConnectionEnabled: false, pageLoadStrategy: normal, platform: XP, platformName: XP, proxy: Proxy(), setWindowRect: true, strictFileInteractability: false, timeouts: {implicit: 0, pageLoad: 300000, script: 30000}, unhandledPromptBehavior: dismiss and notify}
Session ID: 32fcb98597d0c92870363668c1c53bfe
	at org.openqa.selenium.remote.http.W3CHttpResponseCodec.createException(W3CHttpResponseCodec.java:187)
	at org.openqa.selenium.remote.http.W3CHttpResponseCodec.decode(W3CHttpResponseCodec.java:122)
	at org.openqa.selenium.remote.http.W3CHttpResponseCodec.decode(W3CHttpResponseCodec.java:49)
	at org.openqa.selenium.remote.HttpCommandExecutor.execute(HttpCommandExecutor.java:158)
	at org.openqa.selenium.remote.service.DriverCommandExecutor.execute(DriverCommandExecutor.java:83)
	at org.openqa.selenium.remote.RemoteWebDriver.execute(RemoteWebDriver.java:552)
	at org.openqa.selenium.remote.RemoteWebElement.execute(RemoteWebElement.java:285)
	at org.openqa.selenium.remote.RemoteWebElement.click(RemoteWebElement.java:84)
	at org.openqa.selenium.support.pagefactory.internal.LocatingElementHandler.invoke(LocatingElementHandler.java:51)
	at com.sun.proxy.$Proxy9.click(Unknown Source)
	at com.skyweb.qa.pages.AdminPage.ClickOnGeofenceNotification(AdminPage.java:57)
	at com.skyweb.qa.pages.GeofenceNotificationPage.VerifyGeofenceNotificationPage(GeofenceNotificationPage.java:61)
	at com.skyweb.qa.testcases.GeofenceNotificationPageTest.VerifyGeofenceNotificationPageTest(GeofenceNotificationPageTest.java:37)
... Removed 33 stack frames</div></td></tr></table><p class="totop"><a href="#summary">back to summary</a></p>
<h3 id="m2">com.skyweb.qa.testcases.LoginPageTest#loginPageTitleTest</h3><table class="result"><tr><th>Exception</th></tr><tr><td><div class="stacktrace">java.lang.AssertionError: expected [Login] but found [skyweb15.skytrac.ca]
	at com.skyweb.qa.testcases.LoginPageTest.loginPageTitleTest(LoginPageTest.java:31)
... Removed 31 stack frames</div></td></tr></table><p class="totop"><a href="#summary">back to summary</a></p>
<h3 id="m3">com.skyweb.qa.testcases.AdminPageTest#ClickOnGeofenceNotificationTest</h3><table class="result"><tr><th class="invisible"/></tr></table><p class="totop"><a href="#summary">back to summary</a></p>
<h3 id="m4">com.skyweb.qa.testcases.AdminPageTest#ClickOnGeofencesTest</h3><table class="result"><tr><th class="invisible"/></tr></table><p class="totop"><a href="#summary">back to summary</a></p>
<h3 id="m5">com.skyweb.qa.testcases.GeofencesPageTest#CreateOnGeofencesTest</h3><table class="result"><tr><th class="invisible"/></tr></table><p class="totop"><a href="#summary">back to summary</a></p>
</body>
</html>
