<?xml version="1.0" encoding="UTF-8"?>
<testng-results skipped="0" failed="3" ignored="0" total="6" passed="3">
  <reporter-output>
  </reporter-output>
  <suite name="TestAutomationSuit" duration-ms="316233" started-at="2019-10-18T07:47:50Z" finished-at="2019-10-18T07:53:07Z">
    <groups>
    </groups>
    <test name="SanityTest Cases" duration-ms="316233" started-at="2019-10-18T07:47:50Z" finished-at="2019-10-18T07:53:07Z">
      <class name="com.skyweb.qa.testcases.GeofenceNotificationPageTest">
        <test-method status="PASS" signature="setUp()[pri:0, instance:com.skyweb.qa.testcases.GeofenceNotificationPageTest@31ef45e3]" name="setUp" is-config="true" duration-ms="43268" started-at="2019-10-18T07:49:42Z" finished-at="2019-10-18T07:50:25Z">
          <reporter-output>
          </reporter-output>
        </test-method> <!-- setUp -->
        <test-method status="FAIL" signature="VerifyGeofenceNotificationPageTest()[pri:1, instance:com.skyweb.qa.testcases.GeofenceNotificationPageTest@31ef45e3]" name="VerifyGeofenceNotificationPageTest" duration-ms="2314" started-at="2019-10-18T07:50:25Z" finished-at="2019-10-18T07:50:27Z">
          <exception class="org.openqa.selenium.ElementClickInterceptedException">
            <message>
              <![CDATA[element click intercepted: Element <input id="ctl00_MainContentPlaceHolder_adminControl_skyWizard_chooseUnit_unitRadGrid_ctl01_ctl04_selectRadioButton" type="radio" name="ctl00$MainContentPlaceHolder$adminControl$skyWizard$chooseUnit$unitRadGrid$ctl01$ctl04$selectRadioButton" value="selectRadioButton" onclick="javascript:setTimeout('__doPostBack(\'ctl00$MainContentPlaceHolder$adminControl$skyWizard$chooseUnit$unitRadGrid$ctl01$ctl04$selectRadioButton\',\'\')', 0)"> is not clickable at point (779, 272). Other element would receive the click: <div id="RequestInProgress" style="display: block;">...</div>
  (Session info: chrome=77.0.3865.120)
Build info: version: '3.141.59', revision: 'e82be7d358', time: '2018-11-14T08:17:03'
System info: host: 'RCAS002', ip: '192.168.20.6', os.name: 'Windows 7', os.arch: 'amd64', os.version: '6.1', java.version: '1.8.0_161'
Driver info: org.openqa.selenium.chrome.ChromeDriver
Capabilities {acceptInsecureCerts: false, browserName: chrome, browserVersion: 77.0.3865.120, chrome: {chromedriverVersion: 77.0.3865.40 (f484704e052e0..., userDataDir: C:\Users\User\AppData\Local...}, goog:chromeOptions: {debuggerAddress: localhost:60022}, javascriptEnabled: true, networkConnectionEnabled: false, pageLoadStrategy: normal, platform: XP, platformName: XP, proxy: Proxy(), setWindowRect: true, strictFileInteractability: false, timeouts: {implicit: 0, pageLoad: 300000, script: 30000}, unhandledPromptBehavior: dismiss and notify}
Session ID: 32fcb98597d0c92870363668c1c53bfe]]>
            </message>
            <full-stacktrace>
              <![CDATA[org.openqa.selenium.ElementClickInterceptedException: element click intercepted: Element <input id="ctl00_MainContentPlaceHolder_adminControl_skyWizard_chooseUnit_unitRadGrid_ctl01_ctl04_selectRadioButton" type="radio" name="ctl00$MainContentPlaceHolder$adminControl$skyWizard$chooseUnit$unitRadGrid$ctl01$ctl04$selectRadioButton" value="selectRadioButton" onclick="javascript:setTimeout('__doPostBack(\'ctl00$MainContentPlaceHolder$adminControl$skyWizard$chooseUnit$unitRadGrid$ctl01$ctl04$selectRadioButton\',\'\')', 0)"> is not clickable at point (779, 272). Other element would receive the click: <div id="RequestInProgress" style="display: block;">...</div>
  (Session info: chrome=77.0.3865.120)
Build info: version: '3.141.59', revision: 'e82be7d358', time: '2018-11-14T08:17:03'
System info: host: 'RCAS002', ip: '192.168.20.6', os.name: 'Windows 7', os.arch: 'amd64', os.version: '6.1', java.version: '1.8.0_161'
Driver info: org.openqa.selenium.chrome.ChromeDriver
Capabilities {acceptInsecureCerts: false, browserName: chrome, browserVersion: 77.0.3865.120, chrome: {chromedriverVersion: 77.0.3865.40 (f484704e052e0..., userDataDir: C:\Users\User\AppData\Local...}, goog:chromeOptions: {debuggerAddress: localhost:60022}, javascriptEnabled: true, networkConnectionEnabled: false, pageLoadStrategy: normal, platform: XP, platformName: XP, proxy: Proxy(), setWindowRect: true, strictFileInteractability: false, timeouts: {implicit: 0, pageLoad: 300000, script: 30000}, unhandledPromptBehavior: dismiss and notify}
Session ID: 32fcb98597d0c92870363668c1c53bfe
at sun.reflect.NativeConstructorAccessorImpl.newInstance0(Native Method)
at sun.reflect.NativeConstructorAccessorImpl.newInstance(Unknown Source)
at sun.reflect.DelegatingConstructorAccessorImpl.newInstance(Unknown Source)
at java.lang.reflect.Constructor.newInstance(Unknown Source)
at org.openqa.selenium.remote.http.W3CHttpResponseCodec.createException(W3CHttpResponseCodec.java:187)
at org.openqa.selenium.remote.http.W3CHttpResponseCodec.decode(W3CHttpResponseCodec.java:122)
at org.openqa.selenium.remote.http.W3CHttpResponseCodec.decode(W3CHttpResponseCodec.java:49)
at org.openqa.selenium.remote.HttpCommandExecutor.execute(HttpCommandExecutor.java:158)
at org.openqa.selenium.remote.service.DriverCommandExecutor.execute(DriverCommandExecutor.java:83)
at org.openqa.selenium.remote.RemoteWebDriver.execute(RemoteWebDriver.java:552)
at org.openqa.selenium.remote.RemoteWebElement.execute(RemoteWebElement.java:285)
at org.openqa.selenium.remote.RemoteWebElement.click(RemoteWebElement.java:84)
at sun.reflect.NativeMethodAccessorImpl.invoke0(Native Method)
at sun.reflect.NativeMethodAccessorImpl.invoke(Unknown Source)
at sun.reflect.DelegatingMethodAccessorImpl.invoke(Unknown Source)
at java.lang.reflect.Method.invoke(Unknown Source)
at org.openqa.selenium.support.pagefactory.internal.LocatingElementHandler.invoke(LocatingElementHandler.java:51)
at com.sun.proxy.$Proxy9.click(Unknown Source)
at com.skyweb.qa.pages.AdminPage.ClickOnGeofenceNotification(AdminPage.java:57)
at com.skyweb.qa.pages.GeofenceNotificationPage.VerifyGeofenceNotificationPage(GeofenceNotificationPage.java:61)
at com.skyweb.qa.testcases.GeofenceNotificationPageTest.VerifyGeofenceNotificationPageTest(GeofenceNotificationPageTest.java:37)
at sun.reflect.NativeMethodAccessorImpl.invoke0(Native Method)
at sun.reflect.NativeMethodAccessorImpl.invoke(Unknown Source)
at sun.reflect.DelegatingMethodAccessorImpl.invoke(Unknown Source)
at java.lang.reflect.Method.invoke(Unknown Source)
at org.testng.internal.MethodInvocationHelper.invokeMethod(MethodInvocationHelper.java:124)
at org.testng.internal.Invoker.invokeMethod(Invoker.java:583)
at org.testng.internal.Invoker.invokeTestMethod(Invoker.java:719)
at org.testng.internal.Invoker.invokeTestMethods(Invoker.java:989)
at org.testng.internal.TestMethodWorker.invokeTestMethods(TestMethodWorker.java:125)
at org.testng.internal.TestMethodWorker.run(TestMethodWorker.java:109)
at org.testng.TestRunner.privateRun(TestRunner.java:648)
at org.testng.TestRunner.run(TestRunner.java:505)
at org.testng.SuiteRunner.runTest(SuiteRunner.java:455)
at org.testng.SuiteRunner.runSequentially(SuiteRunner.java:450)
at org.testng.SuiteRunner.privateRun(SuiteRunner.java:415)
at org.testng.SuiteRunner.run(SuiteRunner.java:364)
at org.testng.SuiteRunnerWorker.runSuite(SuiteRunnerWorker.java:52)
at org.testng.SuiteRunnerWorker.run(SuiteRunnerWorker.java:84)
at org.testng.TestNG.runSuitesSequentially(TestNG.java:1208)
at org.testng.TestNG.runSuitesLocally(TestNG.java:1137)
at org.testng.TestNG.runSuites(TestNG.java:1049)
at org.testng.TestNG.run(TestNG.java:1017)
at org.testng.remote.AbstractRemoteTestNG.run(AbstractRemoteTestNG.java:115)
at org.testng.remote.RemoteTestNG.initAndRun(RemoteTestNG.java:251)
at org.testng.remote.RemoteTestNG.main(RemoteTestNG.java:77)
]]>
            </full-stacktrace>
          </exception> <!-- org.openqa.selenium.ElementClickInterceptedException -->
          <reporter-output>
          </reporter-output>
        </test-method> <!-- VerifyGeofenceNotificationPageTest -->
        <test-method status="PASS" signature="tearDown()[pri:0, instance:com.skyweb.qa.testcases.GeofenceNotificationPageTest@31ef45e3]" name="tearDown" is-config="true" duration-ms="4954" started-at="2019-10-18T07:50:27Z" finished-at="2019-10-18T07:50:32Z">
          <reporter-output>
          </reporter-output>
        </test-method> <!-- tearDown -->
      </class> <!-- com.skyweb.qa.testcases.GeofenceNotificationPageTest -->
      <class name="com.skyweb.qa.testcases.LoginPageTest">
        <test-method status="PASS" signature="setUp()[pri:0, instance:com.skyweb.qa.testcases.LoginPageTest@3abbfa04]" name="setUp" is-config="true" duration-ms="11878" started-at="2019-10-18T07:47:50Z" finished-at="2019-10-18T07:48:02Z">
          <reporter-output>
          </reporter-output>
        </test-method> <!-- setUp -->
        <test-method status="FAIL" signature="loginPageTitleTest()[pri:1, instance:com.skyweb.qa.testcases.LoginPageTest@3abbfa04]" name="loginPageTitleTest" duration-ms="21" started-at="2019-10-18T07:48:02Z" finished-at="2019-10-18T07:48:02Z">
          <exception class="java.lang.AssertionError">
            <message>
              <![CDATA[expected [Login] but found [skyweb15.skytrac.ca]]]>
            </message>
            <full-stacktrace>
              <![CDATA[java.lang.AssertionError: expected [Login] but found [skyweb15.skytrac.ca]
at org.testng.Assert.fail(Assert.java:96)
at org.testng.Assert.failNotEquals(Assert.java:776)
at org.testng.Assert.assertEqualsImpl(Assert.java:137)
at org.testng.Assert.assertEquals(Assert.java:118)
at org.testng.Assert.assertEquals(Assert.java:453)
at org.testng.Assert.assertEquals(Assert.java:463)
at com.skyweb.qa.testcases.LoginPageTest.loginPageTitleTest(LoginPageTest.java:31)
at sun.reflect.NativeMethodAccessorImpl.invoke0(Native Method)
at sun.reflect.NativeMethodAccessorImpl.invoke(Unknown Source)
at sun.reflect.DelegatingMethodAccessorImpl.invoke(Unknown Source)
at java.lang.reflect.Method.invoke(Unknown Source)
at org.testng.internal.MethodInvocationHelper.invokeMethod(MethodInvocationHelper.java:124)
at org.testng.internal.Invoker.invokeMethod(Invoker.java:583)
at org.testng.internal.Invoker.invokeTestMethod(Invoker.java:719)
at org.testng.internal.Invoker.invokeTestMethods(Invoker.java:989)
at org.testng.internal.TestMethodWorker.invokeTestMethods(TestMethodWorker.java:125)
at org.testng.internal.TestMethodWorker.run(TestMethodWorker.java:109)
at org.testng.TestRunner.privateRun(TestRunner.java:648)
at org.testng.TestRunner.run(TestRunner.java:505)
at org.testng.SuiteRunner.runTest(SuiteRunner.java:455)
at org.testng.SuiteRunner.runSequentially(SuiteRunner.java:450)
at org.testng.SuiteRunner.privateRun(SuiteRunner.java:415)
at org.testng.SuiteRunner.run(SuiteRunner.java:364)
at org.testng.SuiteRunnerWorker.runSuite(SuiteRunnerWorker.java:52)
at org.testng.SuiteRunnerWorker.run(SuiteRunnerWorker.java:84)
at org.testng.TestNG.runSuitesSequentially(TestNG.java:1208)
at org.testng.TestNG.runSuitesLocally(TestNG.java:1137)
at org.testng.TestNG.runSuites(TestNG.java:1049)
at org.testng.TestNG.run(TestNG.java:1017)
at org.testng.remote.AbstractRemoteTestNG.run(AbstractRemoteTestNG.java:115)
at org.testng.remote.RemoteTestNG.initAndRun(RemoteTestNG.java:251)
at org.testng.remote.RemoteTestNG.main(RemoteTestNG.java:77)
]]>
            </full-stacktrace>
          </exception> <!-- java.lang.AssertionError -->
          <reporter-output>
          </reporter-output>
        </test-method> <!-- loginPageTitleTest -->
        <test-method status="PASS" signature="tearDown()[pri:0, instance:com.skyweb.qa.testcases.LoginPageTest@3abbfa04]" name="tearDown" is-config="true" duration-ms="584" started-at="2019-10-18T07:48:02Z" finished-at="2019-10-18T07:48:03Z">
          <reporter-output>
          </reporter-output>
        </test-method> <!-- tearDown -->
      </class> <!-- com.skyweb.qa.testcases.LoginPageTest -->
      <class name="com.skyweb.qa.testcases.GeofencesPageTest">
        <test-method status="PASS" signature="setUp()[pri:0, instance:com.skyweb.qa.testcases.GeofencesPageTest@57fffcd7]" name="setUp" is-config="true" duration-ms="60063" started-at="2019-10-18T07:48:03Z" finished-at="2019-10-18T07:49:03Z">
          <reporter-output>
          </reporter-output>
        </test-method> <!-- setUp -->
        <test-method status="PASS" signature="CreateOnGeofencesTest()[pri:1, instance:com.skyweb.qa.testcases.GeofencesPageTest@57fffcd7]" name="CreateOnGeofencesTest" duration-ms="34009" started-at="2019-10-18T07:49:03Z" finished-at="2019-10-18T07:49:37Z">
          <reporter-output>
          </reporter-output>
        </test-method> <!-- CreateOnGeofencesTest -->
        <test-method status="PASS" signature="tearDown()[pri:0, instance:com.skyweb.qa.testcases.GeofencesPageTest@57fffcd7]" name="tearDown" is-config="true" duration-ms="4726" started-at="2019-10-18T07:49:37Z" finished-at="2019-10-18T07:49:42Z">
          <reporter-output>
          </reporter-output>
        </test-method> <!-- tearDown -->
      </class> <!-- com.skyweb.qa.testcases.GeofencesPageTest -->
      <class name="com.skyweb.qa.testcases.AdminPageTest">
        <test-method status="PASS" signature="setUp()[pri:0, instance:com.skyweb.qa.testcases.AdminPageTest@598067a5]" name="setUp" is-config="true" duration-ms="54944" started-at="2019-10-18T07:50:32Z" finished-at="2019-10-18T07:51:27Z">
          <reporter-output>
          </reporter-output>
        </test-method> <!-- setUp -->
        <test-method status="FAIL" signature="verifyAdminPageTitleTest()[pri:1, instance:com.skyweb.qa.testcases.AdminPageTest@598067a5]" name="verifyAdminPageTitleTest" duration-ms="11" started-at="2019-10-18T07:51:27Z" finished-at="2019-10-18T07:51:27Z">
          <exception class="java.lang.AssertionError">
            <message>
              <![CDATA[admin page tittle not matched expected [Admini] but found [Administration]]]>
            </message>
            <full-stacktrace>
              <![CDATA[java.lang.AssertionError: admin page tittle not matched expected [Admini] but found [Administration]
at org.testng.Assert.fail(Assert.java:96)
at org.testng.Assert.failNotEquals(Assert.java:776)
at org.testng.Assert.assertEqualsImpl(Assert.java:137)
at org.testng.Assert.assertEquals(Assert.java:118)
at org.testng.Assert.assertEquals(Assert.java:453)
at com.skyweb.qa.testcases.AdminPageTest.verifyAdminPageTitleTest(AdminPageTest.java:31)
at sun.reflect.NativeMethodAccessorImpl.invoke0(Native Method)
at sun.reflect.NativeMethodAccessorImpl.invoke(Unknown Source)
at sun.reflect.DelegatingMethodAccessorImpl.invoke(Unknown Source)
at java.lang.reflect.Method.invoke(Unknown Source)
at org.testng.internal.MethodInvocationHelper.invokeMethod(MethodInvocationHelper.java:124)
at org.testng.internal.Invoker.invokeMethod(Invoker.java:583)
at org.testng.internal.Invoker.invokeTestMethod(Invoker.java:719)
at org.testng.internal.Invoker.invokeTestMethods(Invoker.java:989)
at org.testng.internal.TestMethodWorker.invokeTestMethods(TestMethodWorker.java:125)
at org.testng.internal.TestMethodWorker.run(TestMethodWorker.java:109)
at org.testng.TestRunner.privateRun(TestRunner.java:648)
at org.testng.TestRunner.run(TestRunner.java:505)
at org.testng.SuiteRunner.runTest(SuiteRunner.java:455)
at org.testng.SuiteRunner.runSequentially(SuiteRunner.java:450)
at org.testng.SuiteRunner.privateRun(SuiteRunner.java:415)
at org.testng.SuiteRunner.run(SuiteRunner.java:364)
at org.testng.SuiteRunnerWorker.runSuite(SuiteRunnerWorker.java:52)
at org.testng.SuiteRunnerWorker.run(SuiteRunnerWorker.java:84)
at org.testng.TestNG.runSuitesSequentially(TestNG.java:1208)
at org.testng.TestNG.runSuitesLocally(TestNG.java:1137)
at org.testng.TestNG.runSuites(TestNG.java:1049)
at org.testng.TestNG.run(TestNG.java:1017)
at org.testng.remote.AbstractRemoteTestNG.run(AbstractRemoteTestNG.java:115)
at org.testng.remote.RemoteTestNG.initAndRun(RemoteTestNG.java:251)
at org.testng.remote.RemoteTestNG.main(RemoteTestNG.java:77)
]]>
            </full-stacktrace>
          </exception> <!-- java.lang.AssertionError -->
          <reporter-output>
          </reporter-output>
        </test-method> <!-- verifyAdminPageTitleTest -->
        <test-method status="PASS" signature="tearDown()[pri:0, instance:com.skyweb.qa.testcases.AdminPageTest@598067a5]" name="tearDown" is-config="true" duration-ms="6209" started-at="2019-10-18T07:51:27Z" finished-at="2019-10-18T07:51:33Z">
          <reporter-output>
          </reporter-output>
        </test-method> <!-- tearDown -->
        <test-method status="PASS" signature="setUp()[pri:0, instance:com.skyweb.qa.testcases.AdminPageTest@598067a5]" name="setUp" is-config="true" duration-ms="36358" started-at="2019-10-18T07:51:33Z" finished-at="2019-10-18T07:52:10Z">
          <reporter-output>
          </reporter-output>
        </test-method> <!-- setUp -->
        <test-method status="PASS" signature="ClickOnGeofencesTest()[pri:2, instance:com.skyweb.qa.testcases.AdminPageTest@598067a5]" name="ClickOnGeofencesTest" duration-ms="56" started-at="2019-10-18T07:52:10Z" finished-at="2019-10-18T07:52:10Z">
          <reporter-output>
          </reporter-output>
        </test-method> <!-- ClickOnGeofencesTest -->
        <test-method status="PASS" signature="tearDown()[pri:0, instance:com.skyweb.qa.testcases.AdminPageTest@598067a5]" name="tearDown" is-config="true" duration-ms="9544" started-at="2019-10-18T07:52:10Z" finished-at="2019-10-18T07:52:19Z">
          <reporter-output>
          </reporter-output>
        </test-method> <!-- tearDown -->
        <test-method status="PASS" signature="setUp()[pri:0, instance:com.skyweb.qa.testcases.AdminPageTest@598067a5]" name="setUp" is-config="true" duration-ms="36797" started-at="2019-10-18T07:52:19Z" finished-at="2019-10-18T07:52:56Z">
          <reporter-output>
          </reporter-output>
        </test-method> <!-- setUp -->
        <test-method status="PASS" signature="ClickOnGeofenceNotificationTest()[pri:3, instance:com.skyweb.qa.testcases.AdminPageTest@598067a5]" name="ClickOnGeofenceNotificationTest" duration-ms="4373" started-at="2019-10-18T07:52:56Z" finished-at="2019-10-18T07:53:00Z">
          <reporter-output>
          </reporter-output>
        </test-method> <!-- ClickOnGeofenceNotificationTest -->
        <test-method status="PASS" signature="tearDown()[pri:0, instance:com.skyweb.qa.testcases.AdminPageTest@598067a5]" name="tearDown" is-config="true" duration-ms="6096" started-at="2019-10-18T07:53:00Z" finished-at="2019-10-18T07:53:07Z">
          <reporter-output>
          </reporter-output>
        </test-method> <!-- tearDown -->
      </class> <!-- com.skyweb.qa.testcases.AdminPageTest -->
    </test> <!-- SanityTest Cases -->
  </suite> <!-- TestAutomationSuit -->
</testng-results>
